<?xml version="1.0" encoding="UTF-8"?>
<!-- Generated by org.testng.reporters.JUnitXMLReporter -->
<testsuite ignored="0" hostname="DESKTOP-O90M1PQ" failures="0" tests="1" name="Test" time="0.068" errors="0" timestamp="2025-06-15T16:02:09 IST">
  <testcase classname="testScript.Base" name="@BeforeMethod browserInitialization" time="-1.749983529353E9">
    <failure type="org.testng.TestNGException" message="
Parameter &amp;apos;browser&amp;apos; is required by BeforeMethod on method browserInitialization but has not been marked @Optional or defined
in C:\Users\user\git\Project_1\DemoProject1\testng.xml">
      <![CDATA[org.testng.TestNGException: 
Parameter 'browser' is required by BeforeMethod on method browserInitialization but has not been marked @Optional or defined
in C:\Users\user\git\Project_1\DemoProject1\testng.xml
at java.base/java.util.ArrayList.forEach(ArrayList.java:1597)
... Removed 28 stack frames]]>
    </failure>
  </testcase> <!-- @BeforeMethod browserInitialization -->
  <testcase classname="testScript.Base" name="@AfterMethod driverQuit" time="0.0">
    <skipped/>
  </testcase> <!-- @AfterMethod driverQuit -->
  <testcase classname="testScript.AdminUserTest" name="addAdmin" time="0.0">
    <skipped/>
  </testcase> <!-- addAdmin -->
</testsuite> <!-- Test -->
